AFGAI/app/build/intermediates/manifest_merge_blame_file/debug/processDebugMainManifest/manifest-merger-blame-debug-report.txt
1<?xml version="1.0" encoding="utf-8"?>
2<manifest xmlns:android="http://schemas.android.com/apk/res/android"
3    package="com.afgai.app"
4    android:versionCode="1"
5    android:versionName="1.0" >
6
7    <uses-sdk
8        android:minSdkVersion="23"
9        android:targetSdkVersion="35" />
10
11    <uses-permission android:name="android.permission.INTERNET" />
11-->src/main/AndroidManifest.xml:3:5-66
11-->src/main/AndroidManifest.xml:3:22-64
12    <uses-permission android:name="android.permission.RECORD_AUDIO" />
12-->src/main/AndroidManifest.xml:4:5-70
12-->src/main/AndroidManifest.xml:4:22-68
13    <uses-permission android:name="android.permission.READ_MEDIA_IMAGES" />
13-->src/main/AndroidManifest.xml:5:5-75
13-->src/main/AndroidManifest.xml:5:22-73
14    <uses-permission android:name="android.permission.ACCESS_NETWORK_STATE" />
14-->[com.google.firebase:firebase-auth:23.0.0] AndroidManifest.xml:26:5-79
14-->[com.google.firebase:firebase-auth:23.0.0] AndroidManifest.xml:26:22-76
15    <uses-permission android:name="com.google.android.providers.gsf.permission.READ_GSERVICES" />
15-->[com.google.android.recaptcha:recaptcha:18.4.0] AndroidManifest.xml:9:5-98
15-->[com.google.android.recaptcha:recaptcha:18.4.0] AndroidManifest.xml:9:22-95
16
17    <application
17-->src/main/AndroidManifest.xml:7:5-24:19
18        android:appComponentFactory="androidx.core.app.CoreComponentFactory"
18-->[androidx.core:core:1.8.0] AndroidManifest.xml:24:18-86
19        android:debuggable="true"
20        android:extractNativeLibs="false"
21        android:icon="@drawable/afg_logo"
21-->src/main/AndroidManifest.xml:8:9-42
22        android:label="AFG AI"
22-->src/main/AndroidManifest.xml:10:9-31
23        android:theme="@android:style/Theme.Material.Light.NoActionBar"
23-->src/main/AndroidManifest.xml:9:9-72
24        android:usesCleartextTraffic="true" >
24-->src/main/AndroidManifest.xml:11:9-44
25        <activity
25-->src/main/AndroidManifest.xml:13:9-22:20
26            android:name="com.afgai.app.MainActivity"
26-->src/main/AndroidManifest.xml:14:13-41
27            android:exported="true" >
27-->src/main/AndroidManifest.xml:15:13-36
28            <intent-filter>
28-->src/main/AndroidManifest.xml:17:13-20:29
29                <action android:name="android.intent.action.MAIN" />
29-->src/main/AndroidManifest.xml:18:17-69
29-->src/main/AndroidManifest.xml:18:25-66
30
31                <category android:name="android.intent.category.LAUNCHER" />
31-->src/main/AndroidManifest.xml:19:17-77
31-->src/main/AndroidManifest.xml:19:27-74
32            </intent-filter>
33        </activity>
34        <activity
34-->[com.google.firebase:firebase-auth:23.0.0] AndroidManifest.xml:29:9-46:20
35            android:name="com.google.firebase.auth.internal.GenericIdpActivity"
35-->[com.google.firebase:firebase-auth:23.0.0] AndroidManifest.xml:30:13-80
36            android:excludeFromRecents="true"
36-->[com.google.firebase:firebase-auth:23.0.0] AndroidManifest.xml:31:13-46
37            android:exported="true"
37-->[com.google.firebase:firebase-auth:23.0.0] AndroidManifest.xml:32:13-36
38            android:launchMode="singleTask"
38-->[com.google.firebase:firebase-auth:23.0.0] AndroidManifest.xml:33:13-44
39            android:theme="@android:style/Theme.Translucent.NoTitleBar" >
39-->[com.google.firebase:firebase-auth:23.0.0] AndroidManifest.xml:34:13-72
40            <intent-filter>
40-->[com.google.firebase:firebase-auth:23.0.0] AndroidManifest.xml:35:13-45:29
41                <action android:name="android.intent.action.VIEW" />
41-->[com.google.firebase:firebase-auth:23.0.0] AndroidManifest.xml:36:17-69
41-->[com.google.firebase:firebase-auth:23.0.0] AndroidManifest.xml:36:25-66
42
43                <category android:name="android.intent.category.DEFAULT" />
43-->[com.google.firebase:firebase-auth:23.0.0] AndroidManifest.xml:38:17-76
43-->[com.google.firebase:firebase-auth:23.0.0] AndroidManifest.xml:38:27-73
44                <category android:name="android.intent.category.BROWSABLE" />
44-->[com.google.firebase:firebase-auth:23.0.0] AndroidManifest.xml:39:17-78
44-->[com.google.firebase:firebase-auth:23.0.0] AndroidManifest.xml:39:27-75
45
46                <data
46-->[com.google.firebase:firebase-auth:23.0.0] AndroidManifest.xml:41:17-44:51
47                    android:host="firebase.auth"
47-->[com.google.firebase:firebase-auth:23.0.0] AndroidManifest.xml:42:21-49
48                    android:path="/"
48-->[com.google.firebase:firebase-auth:23.0.0] AndroidManifest.xml:43:21-37
49                    android:scheme="genericidp" />
49-->[com.google.firebase:firebase-auth:23.0.0] AndroidManifest.xml:44:21-48
50            </intent-filter>
51        </activity>
52        <activity
52-->[com.google.firebase:firebase-auth:23.0.0] AndroidManifest.xml:47:9-64:20
53            android:name="com.google.firebase.auth.internal.RecaptchaActivity"
53-->[com.google.firebase:firebase-auth:23.0.0] AndroidManifest.xml:48:13-79
54            android:excludeFromRecents="true"
54-->[com.google.firebase:firebase-auth:23.0.0] AndroidManifest.xml:49:13-46
55            android:exported="true"
55-->[com.google.firebase:firebase-auth:23.0.0] AndroidManifest.xml:50:13-36
56            android:launchMode="singleTask"
56-->[com.google.firebase:firebase-auth:23.0.0] AndroidManifest.xml:51:13-44
57            android:theme="@android:style/Theme.Translucent.NoTitleBar" >
57-->[com.google.firebase:firebase-auth:23.0.0] AndroidManifest.xml:52:13-72
58            <intent-filter>
58-->[com.google.firebase:firebase-auth:23.0.0] AndroidManifest.xml:53:13-63:29
59                <action android:name="android.intent.action.VIEW" />
59-->[com.google.firebase:firebase-auth:23.0.0] AndroidManifest.xml:36:17-69
59-->[com.google.firebase:firebase-auth:23.0.0] AndroidManifest.xml:36:25-66
60
61                <category android:name="android.intent.category.DEFAULT" />
61-->[com.google.firebase:firebase-auth:23.0.0] AndroidManifest.xml:38:17-76
61-->[com.google.firebase:firebase-auth:23.0.0] AndroidManifest.xml:38:27-73
62                <category android:name="android.intent.category.BROWSABLE" />
62-->[com.google.firebase:firebase-auth:23.0.0] AndroidManifest.xml:39:17-78
62-->[com.google.firebase:firebase-auth:23.0.0] AndroidManifest.xml:39:27-75
63
64                <data
64-->[com.google.firebase:firebase-auth:23.0.0] AndroidManifest.xml:41:17-44:51
65                    android:host="firebase.auth"
65-->[com.google.firebase:firebase-auth:23.0.0] AndroidManifest.xml:42:21-49
66                    android:path="/"
66-->[com.google.firebase:firebase-auth:23.0.0] AndroidManifest.xml:43:21-37
67                    android:scheme="recaptcha" />
67-->[com.google.firebase:firebase-auth:23.0.0] AndroidManifest.xml:44:21-48
68            </intent-filter>
69        </activity>
70
71        <service
71-->[com.google.firebase:firebase-auth:23.0.0] AndroidManifest.xml:66:9-72:19
72            android:name="com.google.firebase.components.ComponentDiscoveryService"
72-->[com.google.firebase:firebase-auth:23.0.0] AndroidManifest.xml:67:13-84
73            android:directBootAware="true"
73-->[com.google.firebase:firebase-common:21.0.0] AndroidManifest.xml:32:13-43
74            android:exported="false" >
74-->[com.google.firebase:firebase-auth:23.0.0] AndroidManifest.xml:68:13-37
75            <meta-data
75-->[com.google.firebase:firebase-auth:23.0.0] AndroidManifest.xml:69:13-71:85
76                android:name="com.google.firebase.components:com.google.firebase.auth.FirebaseAuthRegistrar"
76-->[com.google.firebase:firebase-auth:23.0.0] AndroidManifest.xml:70:17-109
77                android:value="com.google.firebase.components.ComponentRegistrar" />
77-->[com.google.firebase:firebase-auth:23.0.0] AndroidManifest.xml:71:17-82
78            <meta-data
78-->[com.google.firebase:firebase-common-ktx:21.0.0] AndroidManifest.xml:12:13-14:85
79                android:name="com.google.firebase.components:com.google.firebase.ktx.FirebaseCommonLegacyRegistrar"
79-->[com.google.firebase:firebase-common-ktx:21.0.0] AndroidManifest.xml:13:17-116
80                android:value="com.google.firebase.components.ComponentRegistrar" />
80-->[com.google.firebase:firebase-common-ktx:21.0.0] AndroidManifest.xml:14:17-82
81            <meta-data
81-->[com.google.firebase:firebase-common:21.0.0] AndroidManifest.xml:35:13-37:85
82                android:name="com.google.firebase.components:com.google.firebase.FirebaseCommonKtxRegistrar"
82-->[com.google.firebase:firebase-common:21.0.0] AndroidManifest.xml:36:17-109
83                android:value="com.google.firebase.components.ComponentRegistrar" />
83-->[com.google.firebase:firebase-common:21.0.0] AndroidManifest.xml:37:17-82
84        </service>
85        <service
85-->[androidx.credentials:credentials-play-services-auth:1.2.0-rc01] AndroidManifest.xml:24:9-32:19
86            android:name="androidx.credentials.playservices.CredentialProviderMetadataHolder"
86-->[androidx.credentials:credentials-play-services-auth:1.2.0-rc01] AndroidManifest.xml:25:13-94
87            android:enabled="true"
87-->[androidx.credentials:credentials-play-services-auth:1.2.0-rc01] AndroidManifest.xml:26:13-35
88            android:exported="false" >
88-->[androidx.credentials:credentials-play-services-auth:1.2.0-rc01] AndroidManifest.xml:27:13-37
89            <meta-data
89-->[androidx.credentials:credentials-play-services-auth:1.2.0-rc01] AndroidManifest.xml:29:13-31:104
90                android:name="androidx.credentials.CREDENTIAL_PROVIDER_KEY"
90-->[androidx.credentials:credentials-play-services-auth:1.2.0-rc01] AndroidManifest.xml:30:17-76
91                android:value="androidx.credentials.playservices.CredentialProviderPlayServicesImpl" />
91-->[androidx.credentials:credentials-play-services-auth:1.2.0-rc01] AndroidManifest.xml:31:17-101
92        </service>
93
94        <activity
94-->[androidx.credentials:credentials-play-services-auth:1.2.0-rc01] AndroidManifest.xml:34:9-41:20
95            android:name="androidx.credentials.playservices.HiddenActivity"
95-->[androidx.credentials:credentials-play-services-auth:1.2.0-rc01] AndroidManifest.xml:35:13-76
96            android:configChanges="orientation|screenSize|screenLayout|keyboardHidden"
96-->[androidx.credentials:credentials-play-services-auth:1.2.0-rc01] AndroidManifest.xml:36:13-87
97            android:enabled="true"
97-->[androidx.credentials:credentials-play-services-auth:1.2.0-rc01] AndroidManifest.xml:37:13-35
98            android:exported="false"
98-->[androidx.credentials:credentials-play-services-auth:1.2.0-rc01] AndroidManifest.xml:38:13-37
99            android:fitsSystemWindows="true"
99-->[androidx.credentials:credentials-play-services-auth:1.2.0-rc01] AndroidManifest.xml:39:13-45
100            android:theme="@style/Theme.Hidden" >
100-->[androidx.credentials:credentials-play-services-auth:1.2.0-rc01] AndroidManifest.xml:40:13-48
101        </activity>
102        <activity
102-->[com.google.android.gms:play-services-auth:21.2.0] AndroidManifest.xml:23:9-27:75
103            android:name="com.google.android.gms.auth.api.signin.internal.SignInHubActivity"
103-->[com.google.android.gms:play-services-auth:21.2.0] AndroidManifest.xml:24:13-93
104            android:excludeFromRecents="true"
104-->[com.google.android.gms:play-services-auth:21.2.0] AndroidManifest.xml:25:13-46
105            android:exported="false"
105-->[com.google.android.gms:play-services-auth:21.2.0] AndroidManifest.xml:26:13-37
106            android:theme="@android:style/Theme.Translucent.NoTitleBar" />
106-->[com.google.android.gms:play-services-auth:21.2.0] AndroidManifest.xml:27:13-72
107        <!--
108            Service handling Google Sign-In user revocation. For apps that do not integrate with
109            Google Sign-In, this service will never be started.
110        -->
111        <service
111-->[com.google.android.gms:play-services-auth:21.2.0] AndroidManifest.xml:33:9-37:51
112            android:name="com.google.android.gms.auth.api.signin.RevocationBoundService"
112-->[com.google.android.gms:play-services-auth:21.2.0] AndroidManifest.xml:34:13-89
113            android:exported="true"
113-->[com.google.android.gms:play-services-auth:21.2.0] AndroidManifest.xml:35:13-36
114            android:permission="com.google.android.gms.auth.api.signin.permission.REVOCATION_NOTIFICATION"
114-->[com.google.android.gms:play-services-auth:21.2.0] AndroidManifest.xml:36:13-107
115            android:visibleToInstantApps="true" />
115-->[com.google.android.gms:play-services-auth:21.2.0] AndroidManifest.xml:37:13-48
116
117        <provider
117-->[com.google.firebase:firebase-common:21.0.0] AndroidManifest.xml:23:9-28:39
118            android:name="com.google.firebase.provider.FirebaseInitProvider"
118-->[com.google.firebase:firebase-common:21.0.0] AndroidManifest.xml:24:13-77
119            android:authorities="com.afgai.app.firebaseinitprovider"
119-->[com.google.firebase:firebase-common:21.0.0] AndroidManifest.xml:25:13-72
120            android:directBootAware="true"
120-->[com.google.firebase:firebase-common:21.0.0] AndroidManifest.xml:26:13-43
121            android:exported="false"
121-->[com.google.firebase:firebase-common:21.0.0] AndroidManifest.xml:27:13-37
122            android:initOrder="100" />
122-->[com.google.firebase:firebase-common:21.0.0] AndroidManifest.xml:28:13-36
123
124        <activity
124-->[com.google.android.gms:play-services-base:18.3.0] AndroidManifest.xml:20:9-22:45
125            android:name="com.google.android.gms.common.api.GoogleApiActivity"
125-->[com.google.android.gms:play-services-base:18.3.0] AndroidManifest.xml:20:19-85
126            android:exported="false"
126-->[com.google.android.gms:play-services-base:18.3.0] AndroidManifest.xml:22:19-43
127            android:theme="@android:style/Theme.Translucent.NoTitleBar" />
127-->[com.google.android.gms:play-services-base:18.3.0] AndroidManifest.xml:21:19-78
128
129        <meta-data
129-->[com.google.android.gms:play-services-basement:18.3.0] AndroidManifest.xml:21:9-23:69
130            android:name="com.google.android.gms.version"
130-->[com.google.android.gms:play-services-basement:18.3.0] AndroidManifest.xml:22:13-58
131            android:value="@integer/google_play_services_version" />
131-->[com.google.android.gms:play-services-basement:18.3.0] AndroidManifest.xml:23:13-66
132    </application>
133
134</manifest>